2025-06-05 23:39:12,051 [INFO] Serving on http://127.0.0.1:5000
2025-06-05 23:39:22,319 [INFO] ๐ ะะฝะฐะปัะท ัะฐะนะปั: app.py
2025-06-05 23:39:22,360 [INFO] โ ะะฝะฐะปัะท ััะฟััะฝะพ ะทะฐะฒะตััะตะฝะพ
2025-06-05 23:39:22,362 [INFO] ๐งน ะขะธะผัะฐัะพะฒั ัะฐะนะปะธ ะพัะธัะตะฝะพ
2025-06-05 23:43:02,991 [INFO] ๐ ะะฝะฐะปัะท ัะฐะนะปั: metrics_analyser.py
2025-06-05 23:43:03,035 [INFO] โ ะะฝะฐะปัะท ััะฟััะฝะพ ะทะฐะฒะตััะตะฝะพ
2025-06-05 23:43:03,037 [INFO] ๐งน ะขะธะผัะฐัะพะฒั ัะฐะนะปะธ ะพัะธัะตะฝะพ
2025-06-05 23:43:35,599 [INFO] ๐ ะะฝะฐะปัะท ัะฐะนะปั: metrics_analyser.py
2025-06-05 23:43:35,645 [INFO] โ ะะฝะฐะปัะท ััะฟััะฝะพ ะทะฐะฒะตััะตะฝะพ
2025-06-05 23:43:35,649 [INFO] ๐งน ะขะธะผัะฐัะพะฒั ัะฐะนะปะธ ะพัะธัะตะฝะพ
2025-06-05 23:43:42,199 [INFO] ๐ ะะฝะฐะปัะท ัะฐะนะปั: metrics_analyser.py
2025-06-05 23:43:42,238 [INFO] โ ะะฝะฐะปัะท ััะฟััะฝะพ ะทะฐะฒะตััะตะฝะพ
2025-06-05 23:43:42,240 [INFO] ๐งน ะขะธะผัะฐัะพะฒั ัะฐะนะปะธ ะพัะธัะตะฝะพ
2025-06-05 23:43:49,515 [INFO] ๐ ะะฝะฐะปัะท ัะฐะนะปั: analyze_code.py
2025-06-05 23:43:49,544 [INFO] โ ะะฝะฐะปัะท ััะฟััะฝะพ ะทะฐะฒะตััะตะฝะพ
2025-06-05 23:43:49,545 [INFO] ๐งน ะขะธะผัะฐัะพะฒั ัะฐะนะปะธ ะพัะธัะตะฝะพ
2025-06-06 00:27:13,495 [INFO] ๐ง ะกัะฐัั Flask-ะดะพะดะฐัะบั ัะตัะตะท Waitress
2025-06-06 00:29:46,214 [INFO] ๐ง ะกัะฐัั Flask-ะดะพะดะฐัะบั ัะตัะตะท Waitress
2025-06-06 00:30:02,333 [INFO] ๐ ะะฝะฐะปัะท ัะฐะนะปั: utils.py
2025-06-06 00:30:02,349 [INFO] โ ะะฝะฐะปัะท ััะฟััะฝะพ ะทะฐะฒะตััะตะฝะพ
2025-06-06 00:30:02,350 [INFO] ๐งน ะขะธะผัะฐัะพะฒั ัะฐะนะปะธ ะพัะธัะตะฝะพ
2025-06-06 00:35:03,036 [INFO] ๐ง ะกัะฐัั Flask-ะดะพะดะฐัะบั ัะตัะตะท Waitress
2025-06-06 00:36:03,049 [INFO] ๐ง ะกัะฐัั Flask-ะดะพะดะฐัะบั ัะตัะตะท Waitress
2025-06-06 00:36:23,642 [INFO] ๐ง ะกัะฐัั Flask-ะดะพะดะฐัะบั ัะตัะตะท Waitress
2025-06-06 00:37:19,103 [INFO] ๐ง ะกัะฐัั Flask-ะดะพะดะฐัะบั ัะตัะตะท Waitress
2025-06-06 00:37:31,135 [INFO] ๐ ะะฝะฐะปัะท ัะฐะนะปั: Python Projects 1.0.2 (1).zip
2025-06-06 00:37:43,034 [INFO] โ ะะฝะฐะปัะท ััะฟััะฝะพ ะทะฐะฒะตััะตะฝะพ
2025-06-06 00:37:43,078 [INFO] ๐งน ะขะธะผัะฐัะพะฒั ัะฐะนะปะธ ะพัะธัะตะฝะพ
2025-06-06 00:40:28,705 [INFO] ๐ง ะกัะฐัั Flask-ะดะพะดะฐัะบั ัะตัะตะท Waitress
2025-06-06 00:42:19,119 [INFO] ๐ง ะกัะฐัั Flask-ะดะพะดะฐัะบั ัะตัะตะท Waitress
2025-06-06 00:42:31,047 [INFO] ๐ง ะกัะฐัั Flask-ะดะพะดะฐัะบั ัะตัะตะท Waitress
2025-06-06 00:48:32,233 [INFO] ๐ง ะกัะฐัั Flask-ะดะพะดะฐัะบั ัะตัะตะท Waitress
2025-06-06 00:49:10,780 [INFO] ๐ง ะกัะฐัั Flask-ะดะพะดะฐัะบั ัะตัะตะท Waitress
2025-06-06 00:51:17,467 [INFO] ๐ง ะกัะฐัั Flask-ะดะพะดะฐัะบั ัะตัะตะท Waitress
2025-06-06 00:51:26,678 [INFO] ๐ง ะกัะฐัั Flask-ะดะพะดะฐัะบั ัะตัะตะท Waitress
2025-06-06 00:55:04,067 [INFO] ๐ง ะกัะฐัั Flask-ะดะพะดะฐัะบั ัะตัะตะท Waitress
2025-06-06 00:55:12,340 [INFO] ๐ง ะกัะฐัั Flask-ะดะพะดะฐัะบั ัะตัะตะท Waitress
2025-06-06 00:56:36,668 [INFO] ๐ง ะกัะฐัั Flask-ะดะพะดะฐัะบั ัะตัะตะท Waitress
2025-06-06 00:58:47,942 [INFO] ๐ง ะกัะฐัั Flask-ะดะพะดะฐัะบั ัะตัะตะท Waitress
2025-06-06 01:00:15,789 [INFO] ๐ง ะกัะฐัั Flask-ะดะพะดะฐัะบั ัะตัะตะท Waitress
2025-06-06 04:43:26,066 [INFO] ๐ ะะฝะฐะปัะท ัะฐะนะปั: Django-School-Management-System.zip
2025-06-06 04:43:29,074 [INFO] โ ะะฝะฐะปัะท ััะฟััะฝะพ ะทะฐะฒะตััะตะฝะพ
2025-06-06 04:43:29,227 [INFO] ๐งน ะขะธะผัะฐัะพะฒั ัะฐะนะปะธ ะพัะธัะตะฝะพ
